<?xml version="1.0" encoding="utf-8"?><testsuites name="pytest tests"><testsuite name="pytest" errors="0" failures="0" skipped="0" tests="46" time="15.178" timestamp="2026-08-28T03:27:50.074058+00:00" hostname="agent-env-e313a095-69a5-4883-96b9-f72ce732e66c"><testcase classname="tests.test_auth.TestAuth" name="test_root" time="0.140" /><testcase classname="tests.test_auth.TestAuth" name="test_login_success_sets_httponly_cookies" time="0.480" /><testcase classname="tests.test_products_dashboard.TestProducts" name="test_list_demo_products" time="0.628" /><testcase classname="tests.test_auth.TestAuth" name="test_me_with_cookies" time="0.324" /><testcase classname="tests.test_products_dashboard.TestProducts" name="test_demo_has_out_of_stock_and_low_stock" time="0.277" /><testcase classname="tests.test_products_dashboard.TestProducts" name="test_create_update_delete_product" time="0.832" /><testcase classname="tests.test_auth.TestAuth" name="test_me_with_bearer" time="0.449" /><testcase classname="tests.test_auth.TestAuth" name="test_login_wrong_password_spanish_error" time="0.336" /><testcase classname="tests.test_auth.TestAuth" name="test_protected_without_auth_401" time="0.683" /><testcase classname="tests.test_products_dashboard.TestProducts" name="test_create_product_validation" time="0.061" /><testcase classname="tests.test_products_dashboard.TestProducts" name="test_update_nonexistent_product_404" time="0.065" /><testcase classname="tests.test_products_dashboard.TestProducts" name="test_export_products_csv" time="0.069" /><testcase classname="tests.test_flows.TestSalesFlow" name="test_sale_decrements_stock_and_creates_movement" time="0.637" /><testcase classname="tests.test_auth.TestAuth" name="test_register_duplicate_email" time="0.098" /><testcase classname="tests.test_auth.TestAuth" name="test_register_weak_password_422" time="0.122" /><testcase classname="tests.test_flows.TestSalesFlow" name="test_sale_over_stock_rejected_and_no_side_effect" time="0.478" /><testcase classname="tests.test_auth.TestAuth" name="test_logout_clears_cookies" time="0.578" /><testcase classname="tests.test_flows.TestSalesFlow" name="test_sale_empty_items_422" time="0.051" /><testcase classname="tests.test_flows.TestSalesFlow" name="test_sale_zero_quantity_422" time="0.050" /><testcase classname="tests.test_flows.TestSalesFlow" name="test_export_sales_csv_with_range" time="0.438" /><testcase classname="tests.test_auth.TestAuth" name="test_refresh_token_flow" time="0.376" /><testcase classname="tests.test_auth.TestAuth" name="test_refresh_without_cookie_401" time="0.337" /><testcase classname="tests.test_flows.TestMovements" name="test_entry_reposicion" time="0.858" /><testcase classname="tests.test_assistant.TestAssistant" name="test_history_endpoint" time="0.365" /><testcase classname="tests.test_assistant.TestAssistant" name="test_chat_streams_spanish_grounded_answer" time="1.936" /><testcase classname="tests.test_flows.TestMovements" name="test_exit_danado" time="0.161" /><testcase classname="tests.test_flows.TestMovements" name="test_exit_over_stock_rejected" time="0.168" /><testcase classname="tests.test_flows.TestMovements" name="test_invalid_reason_for_type" time="0.057" /><testcase classname="tests.test_flows.TestMovements" name="test_movement_unknown_product_404" time="0.110" /><testcase classname="tests.test_flows.TestExpenses" name="test_create_list_delete_expense" time="0.764" /><testcase classname="tests.test_flows.TestExpenses" name="test_expense_validation" time="0.062" /><testcase classname="tests.test_flows.TestExpenses" name="test_delete_unknown_expense_404" time="0.061" /><testcase classname="tests.test_assistant.TestAssistant" name="test_chat_persists_to_history" time="0.099" /><testcase classname="tests.test_flows.TestPurchaseFlow" name="test_purchase_increments_stock_and_movement" time="0.894" /><testcase classname="tests.test_assistant.TestAssistant" name="test_chat_validation" time="0.048" /><testcase classname="tests.test_retest_iter2.TestBruteForceRetest" name="test_sixth_failed_login_returns_429_and_single_email_keyed_doc" time="3.214" /><testcase classname="tests.test_flows.TestPurchaseFlow" name="test_purchase_export_csv" time="0.334" /><testcase classname="tests.test_products_dashboard.TestDashboard" name="test_dashboard_payload" time="0.805" /><testcase classname="tests.test_products_dashboard.TestDashboard" name="test_finances_summary" time="0.063" /><testcase classname="tests.test_retest_iter2.TestSeedTimestamps" name="test_no_future_records" time="0.827" /><testcase classname="tests.test_retest_iter2.TestSeedTimestamps" name="test_dashboard_ventas_hoy_coherent" time="0.119" /><testcase classname="tests.test_auth.TestBruteForce" name="test_lockout_after_five_failures" time="3.514" /><testcase classname="tests.test_retest_iter2.TestBruteForceRetest" name="test_successful_login_clears_counter" time="4.365" /><testcase classname="tests.test_onboarding_tenant.TestOnboardingAndTenant" name="test_register_then_business_then_isolation" time="2.131" /><testcase classname="tests.test_retest_iter2.TestPurchaseCostAndSupplier" name="test_supplier_preserved_and_weighted_average_cost" time="0.520" /><testcase classname="tests.test_retest_iter2.TestPurchaseCostAndSupplier" name="test_supplier_set_when_product_has_none" time="0.206" /></testsuite></testsuites>