<?xml version="1.0" encoding="utf-8"?><testsuites name="pytest tests"><testsuite name="pytest" errors="0" failures="0" skipped="0" tests="85" time="25.545" timestamp="2026-08-28T05:55:02.139024+00:00" hostname="agent-env-e313a095-69a5-4883-96b9-f72ce732e66c"><testcase classname="tests.test_auth.TestAuth" name="test_root" time="0.383" /><testcase classname="tests.test_auth.TestAuth" name="test_login_success_sets_httponly_cookies" time="0.281" /><testcase classname="tests.test_iter3_facturas_roles_platform.TestPlatform" name="test_overview_superadmin" time="0.672" /><testcase classname="tests.test_auth.TestAuth" name="test_me_with_cookies" time="0.552" /><testcase classname="tests.test_iter3_facturas_roles_platform.TestPlatform" name="test_overview_forbidden_for_normal_tenant" time="0.881" /><testcase classname="tests.test_auth.TestAuth" name="test_me_with_bearer" time="0.497" /><testcase classname="tests.test_iter3_facturas_roles_platform.TestPlatform" name="test_platform_expense_crud" time="0.493" /><testcase classname="tests.test_auth.TestAuth" name="test_login_wrong_password_spanish_error" time="0.324" /><testcase classname="tests.test_auth.TestAuth" name="test_protected_without_auth_401" time="0.804" /><testcase classname="tests.test_iter3_facturas_roles_platform.TestPlatform" name="test_invalid_expense_category" time="0.050" /><testcase classname="tests.test_iter3_facturas_roles_platform.TestPlatform" name="test_disable_business_blocks_login_and_api" time="1.182" /><testcase classname="tests.test_auth.TestAuth" name="test_register_duplicate_email" time="0.148" /><testcase classname="tests.test_auth.TestAuth" name="test_register_weak_password_422" time="0.281" /><testcase classname="tests.test_auth.TestAuth" name="test_logout_clears_cookies" time="0.788" /><testcase classname="tests.test_iter3_facturas_roles_platform.TestPlatform" name="test_status_unknown_business" time="0.051" /><testcase classname="tests.test_iter3_facturas_roles_platform.TestDemoBusinesses" name="test_demo_login_and_data[kiosco]" time="1.081" /><testcase classname="tests.test_auth.TestAuth" name="test_refresh_token_flow" time="0.433" /><testcase classname="tests.test_iter3_facturas_roles_platform.TestDemoBusinesses" name="test_demo_login_and_data[verduleria]" time="0.818" /><testcase classname="tests.test_auth.TestAuth" name="test_refresh_without_cookie_401" time="0.250" /><testcase classname="tests.test_products_dashboard.TestProducts" name="test_list_demo_products" time="0.381" /><testcase classname="tests.test_products_dashboard.TestProducts" name="test_demo_has_out_of_stock_and_low_stock" time="0.046" /><testcase classname="tests.test_products_dashboard.TestProducts" name="test_create_update_delete_product" time="0.547" /><testcase classname="tests.test_iter3_facturas_roles_platform.TestDemoBusinesses" name="test_demo_login_and_data[repuestos]" time="0.679" /><testcase classname="tests.test_products_dashboard.TestProducts" name="test_create_product_validation" time="0.087" /><testcase classname="tests.test_products_dashboard.TestProducts" name="test_update_nonexistent_product_404" time="0.049" /><testcase classname="tests.test_products_dashboard.TestProducts" name="test_export_products_csv" time="0.050" /><testcase classname="tests.test_iter3_facturas_roles_platform.TestDemoBusinesses" name="test_kiosco_has_venezuelan_catalog" time="0.593" /><testcase classname="tests.test_iter3_facturas_roles_platform.TestDemoBusinesses" name="test_verduleria_uses_kg" time="0.372" /><testcase classname="tests.test_flows.TestSalesFlow" name="test_sale_decrements_stock_and_creates_movement" time="1.297" /><testcase classname="tests.test_iter3_facturas_roles_platform.TestDemoBusinesses" name="test_cross_tenant_product_access_blocked" time="0.911" /><testcase classname="tests.test_flows.TestSalesFlow" name="test_sale_over_stock_rejected_and_no_side_effect" time="0.453" /><testcase classname="tests.test_flows.TestSalesFlow" name="test_sale_empty_items_422" time="0.042" /><testcase classname="tests.test_flows.TestSalesFlow" name="test_sale_zero_quantity_422" time="0.042" /><testcase classname="tests.test_flows.TestSalesFlow" name="test_export_sales_csv_with_range" time="0.127" /><testcase classname="tests.test_assistant.TestAssistant" name="test_history_endpoint" time="0.523" /><testcase classname="tests.test_assistant.TestAssistant" name="test_chat_streams_spanish_grounded_answer" time="1.679" /><testcase classname="tests.test_flows.TestMovements" name="test_entry_reposicion" time="0.833" /><testcase classname="tests.test_flows.TestMovements" name="test_exit_danado" time="0.163" /><testcase classname="tests.test_flows.TestMovements" name="test_exit_over_stock_rejected" time="0.162" /><testcase classname="tests.test_flows.TestMovements" name="test_invalid_reason_for_type" time="0.053" /><testcase classname="tests.test_flows.TestMovements" name="test_movement_unknown_product_404" time="0.111" /><testcase classname="tests.test_iter3_facturas_roles_platform.TestRoles" name="test_vendedor_permissions" time="1.881" /><testcase classname="tests.test_assistant.TestAssistant" name="test_chat_persists_to_history" time="0.098" /><testcase classname="tests.test_assistant.TestAssistant" name="test_chat_validation" time="0.231" /><testcase classname="tests.test_flows.TestExpenses" name="test_create_list_delete_expense" time="0.914" /><testcase classname="tests.test_iter3_facturas_roles_platform.TestRoles" name="test_administrador_permissions" time="0.757" /><testcase classname="tests.test_flows.TestExpenses" name="test_expense_validation" time="0.047" /><testcase classname="tests.test_flows.TestExpenses" name="test_delete_unknown_expense_404" time="0.048" /><testcase classname="tests.test_iter3_facturas_roles_platform.TestRoles" name="test_invalid_role_rejected" time="0.042" /><testcase classname="tests.test_iter3_facturas_roles_platform.TestRoles" name="test_duplicate_email_rejected" time="0.211" /><testcase classname="tests.test_iter31_retest.TestBarcodes" name="test_all_ferreteria_products_have_barcode" time="0.491" /><testcase classname="tests.test_iter31_retest.TestBarcodes" name="test_barcode_exact_search_returns_single_product" time="0.168" /><testcase classname="tests.test_iter31_retest.TestBarcodes" name="test_no_mongo_id_leaked" time="0.264" /><testcase classname="tests.test_iter31_retest.TestPlatformClean" name="test_overview_only_four_demo_businesses" time="0.379" /><testcase classname="tests.test_iter31_retest.TestPlatformClean" name="test_overview_kpis_coherent" time="0.050" /><testcase classname="tests.test_iter31_retest.TestPlatformClean" name="test_toggle_disable_login_403_then_reactivate" time="1.012" /><testcase classname="tests.test_iter3_facturas_roles_platform.TestRates" name="test_current_rate" time="0.367" /><testcase classname="tests.test_iter3_facturas_roles_platform.TestRates" name="test_refresh_rate" time="0.738" /><testcase classname="tests.test_iter3_facturas_roles_platform.TestRates" name="test_rates_requires_auth" time="0.326" /><testcase classname="tests.test_iter3_facturas_roles_platform.TestFacturaVenta" name="test_sale_invoice_fields" time="0.767" /><testcase classname="tests.test_iter3_facturas_roles_platform.TestBarcodeSearch" name="test_search_by_exact_barcode_kiosco" time="0.529" /><testcase classname="tests.test_iter3_facturas_roles_platform.TestFacturaVenta" name="test_invoice_numbers_increment" time="0.183" /><testcase classname="tests.test_iter3_facturas_roles_platform.TestFacturaVenta" name="test_purchase_invoice_fields" time="0.349" /><testcase classname="tests.test_iter3_facturas_roles_platform.TestBarcodeSearch" name="test_ferreteria_demo_products_have_barcodes" time="0.392" /><testcase classname="tests.test_iter3_facturas_roles_platform.TestBarcodeSearch" name="test_search_by_name" time="0.142" /><testcase classname="tests.test_iter3_facturas_roles_platform.TestBcvSettings" name="test_manual_mode_roundtrip" time="0.929" /><testcase classname="tests.test_flows.TestPurchaseFlow" name="test_purchase_increments_stock_and_movement" time="0.728" /><testcase classname="tests.test_flows.TestPurchaseFlow" name="test_purchase_export_csv" time="0.142" /><testcase classname="tests.test_iter3_facturas_roles_platform.TestBcvSettings" name="test_invalid_mode" time="0.041" /><testcase classname="tests.test_iter3_facturas_roles_platform.TestBcvSettings" name="test_rif_settings_saved" time="0.169" /><testcase classname="tests.test_iter31_retest.TestFiscalNumbering" name="test_failed_sale_does_not_consume_invoice_number" time="1.027" /><testcase classname="tests.test_iter31_retest.TestProductUnit" name="test_products_expose_unit" time="0.455" /><testcase classname="tests.test_iter31_retest.TestProductUnit" name="test_verduleria_uses_kg" time="0.477" /><testcase classname="tests.test_iter31_retest.TestFiscalNumbering" name="test_failed_sale_does_not_change_stock" time="0.134" /><testcase classname="tests.test_retest_iter2.TestBruteForceRetest" name="test_sixth_failed_login_returns_429_and_single_email_keyed_doc" time="3.424" /><testcase classname="tests.test_products_dashboard.TestDashboard" name="test_dashboard_payload" time="0.772" /><testcase classname="tests.test_products_dashboard.TestDashboard" name="test_finances_summary" time="0.048" /><testcase classname="tests.test_retest_iter2.TestSeedTimestamps" name="test_no_future_records" time="1.027" /><testcase classname="tests.test_retest_iter2.TestSeedTimestamps" name="test_dashboard_ventas_hoy_coherent" time="0.322" /><testcase classname="tests.test_auth.TestBruteForce" name="test_lockout_after_five_failures" time="2.771" /><testcase classname="tests.test_retest_iter2.TestBruteForceRetest" name="test_successful_login_clears_counter" time="3.468" /><testcase classname="tests.test_iter31_retest.TestBcvSettings" name="test_manual_then_auto_clears_rate" time="1.191" /><testcase classname="tests.test_onboarding_tenant.TestOnboardingAndTenant" name="test_register_then_business_then_isolation" time="1.605" /><testcase classname="tests.test_retest_iter2.TestPurchaseCostAndSupplier" name="test_supplier_preserved_and_weighted_average_cost" time="0.891" /><testcase classname="tests.test_retest_iter2.TestPurchaseCostAndSupplier" name="test_supplier_set_when_product_has_none" time="0.249" /></testsuite></testsuites>